[0.892s] DEBUG:colcon:Command line arguments: ['/usr/bin/colcon', 'build']
[0.892s] DEBUG:colcon:Parsed command line arguments: Namespace(allow_overriding=[], ament_cmake_args=None, base_paths=['.'], build_base='build', catkin_cmake_args=None, catkin_skip_building_tests=False, cmake_args=None, cmake_clean_cache=False, cmake_clean_first=False, cmake_force_configure=False, cmake_target=None, cmake_target_skip_unavailable=False, continue_on_error=False, event_handlers=None, executor='parallel', ignore_user_meta=False, install_base='install', log_base=None, log_level=None, main=<bound method BuildVerb.main of <colcon_core.verb.build.BuildVerb object at 0x7f85e12460>>, merge_install=False, metas=['./colcon.meta'], mixin=None, mixin_files=None, mixin_verb=('build',), packages_above=None, packages_above_and_dependencies=None, packages_above_depth=None, packages_end=None, packages_ignore=None, packages_ignore_regex=None, packages_select=None, packages_select_build_failed=False, packages_select_by_dep=None, packages_select_regex=None, packages_select_test_failures=False, packages_skip=None, packages_skip_build_finished=False, packages_skip_by_dep=None, packages_skip_regex=None, packages_skip_test_passed=False, packages_skip_up_to=None, packages_start=None, packages_up_to=None, packages_up_to_regex=None, parallel_workers=4, paths=None, symlink_install=False, test_result_base=None, verb_extension=<colcon_core.verb.build.BuildVerb object at 0x7f85e12460>, verb_name='build', verb_parser=<colcon_mixin.mixin.mixin_argument.MixinArgumentDecorator object at 0x7f85d5be50>)
[1.641s] Level 1:colcon.colcon_core.package_discovery:discover_packages(colcon_meta) check parameters
[1.642s] Level 1:colcon.colcon_core.package_discovery:discover_packages(recursive) check parameters
[1.642s] Level 1:colcon.colcon_core.package_discovery:discover_packages(ignore) check parameters
[1.642s] Level 1:colcon.colcon_core.package_discovery:discover_packages(path) check parameters
[1.642s] Level 1:colcon.colcon_core.package_discovery:discover_packages(colcon_meta) discover
[1.643s] Level 1:colcon.colcon_core.package_discovery:discover_packages(recursive) discover
[1.643s] INFO:colcon.colcon_core.package_discovery:Crawling recursively for packages in '/home/jetson/ros2_ws'
[1.643s] Level 1:colcon.colcon_core.package_identification:_identify(.) by extensions ['ignore', 'ignore_ament_install']
[1.644s] Level 1:colcon.colcon_core.package_identification:_identify(.) by extension 'ignore'
[1.644s] Level 1:colcon.colcon_core.package_identification:_identify(.) by extension 'ignore_ament_install'
[1.644s] Level 1:colcon.colcon_core.package_identification:_identify(.) by extensions ['colcon_pkg']
[1.644s] Level 1:colcon.colcon_core.package_identification:_identify(.) by extension 'colcon_pkg'
[1.644s] Level 1:colcon.colcon_core.package_identification:_identify(.) by extensions ['colcon_meta']
[1.645s] Level 1:colcon.colcon_core.package_identification:_identify(.) by extension 'colcon_meta'
[1.645s] Level 1:colcon.colcon_core.package_identification:_identify(.) by extensions ['ros']
[1.645s] Level 1:colcon.colcon_core.package_identification:_identify(.) by extension 'ros'
[1.694s] Level 1:colcon.colcon_core.package_identification:_identify(.) by extensions ['cmake', 'python']
[1.694s] Level 1:colcon.colcon_core.package_identification:_identify(.) by extension 'cmake'
[1.695s] Level 1:colcon.colcon_core.package_identification:_identify(.) by extension 'python'
[1.695s] Level 1:colcon.colcon_core.package_identification:_identify(.) by extensions ['python_setup_py']
[1.695s] Level 1:colcon.colcon_core.package_identification:_identify(.) by extension 'python_setup_py'
[1.695s] Level 1:colcon.colcon_core.package_identification:_identify(build) by extensions ['ignore', 'ignore_ament_install']
[1.696s] Level 1:colcon.colcon_core.package_identification:_identify(build) by extension 'ignore'
[1.696s] Level 1:colcon.colcon_core.package_identification:_identify(build) ignored
[1.697s] Level 1:colcon.colcon_core.package_identification:_identify(install) by extensions ['ignore', 'ignore_ament_install']
[1.697s] Level 1:colcon.colcon_core.package_identification:_identify(install) by extension 'ignore'
[1.697s] Level 1:colcon.colcon_core.package_identification:_identify(install) ignored
[1.698s] Level 1:colcon.colcon_core.package_identification:_identify(log) by extensions ['ignore', 'ignore_ament_install']
[1.698s] Level 1:colcon.colcon_core.package_identification:_identify(log) by extension 'ignore'
[1.698s] Level 1:colcon.colcon_core.package_identification:_identify(log) ignored
[1.698s] Level 1:colcon.colcon_core.package_identification:_identify(src) by extensions ['ignore', 'ignore_ament_install']
[1.699s] Level 1:colcon.colcon_core.package_identification:_identify(src) by extension 'ignore'
[1.699s] Level 1:colcon.colcon_core.package_identification:_identify(src) by extension 'ignore_ament_install'
[1.699s] Level 1:colcon.colcon_core.package_identification:_identify(src) by extensions ['colcon_pkg']
[1.699s] Level 1:colcon.colcon_core.package_identification:_identify(src) by extension 'colcon_pkg'
[1.699s] Level 1:colcon.colcon_core.package_identification:_identify(src) by extensions ['colcon_meta']
[1.700s] Level 1:colcon.colcon_core.package_identification:_identify(src) by extension 'colcon_meta'
[1.700s] Level 1:colcon.colcon_core.package_identification:_identify(src) by extensions ['ros']
[1.700s] Level 1:colcon.colcon_core.package_identification:_identify(src) by extension 'ros'
[1.700s] Level 1:colcon.colcon_core.package_identification:_identify(src) by extensions ['cmake', 'python']
[1.700s] Level 1:colcon.colcon_core.package_identification:_identify(src) by extension 'cmake'
[1.701s] Level 1:colcon.colcon_core.package_identification:_identify(src) by extension 'python'
[1.701s] Level 1:colcon.colcon_core.package_identification:_identify(src) by extensions ['python_setup_py']
[1.701s] Level 1:colcon.colcon_core.package_identification:_identify(src) by extension 'python_setup_py'
[1.701s] Level 1:colcon.colcon_core.package_identification:_identify(src/drone_control) by extensions ['ignore', 'ignore_ament_install']
[1.702s] Level 1:colcon.colcon_core.package_identification:_identify(src/drone_control) by extension 'ignore'
[1.702s] Level 1:colcon.colcon_core.package_identification:_identify(src/drone_control) by extension 'ignore_ament_install'
[1.702s] Level 1:colcon.colcon_core.package_identification:_identify(src/drone_control) by extensions ['colcon_pkg']
[1.702s] Level 1:colcon.colcon_core.package_identification:_identify(src/drone_control) by extension 'colcon_pkg'
[1.702s] Level 1:colcon.colcon_core.package_identification:_identify(src/drone_control) by extensions ['colcon_meta']
[1.703s] Level 1:colcon.colcon_core.package_identification:_identify(src/drone_control) by extension 'colcon_meta'
[1.703s] Level 1:colcon.colcon_core.package_identification:_identify(src/drone_control) by extensions ['ros']
[1.703s] Level 1:colcon.colcon_core.package_identification:_identify(src/drone_control) by extension 'ros'
[1.714s] DEBUG:colcon.colcon_core.package_identification:Package 'src/drone_control' with type 'ros.ament_python' and name 'drone_control'
[1.714s] Level 1:colcon.colcon_core.package_identification:_identify(src/px4_autonomy_modules) by extensions ['ignore', 'ignore_ament_install']
[1.715s] Level 1:colcon.colcon_core.package_identification:_identify(src/px4_autonomy_modules) by extension 'ignore'
[1.715s] Level 1:colcon.colcon_core.package_identification:_identify(src/px4_autonomy_modules) by extension 'ignore_ament_install'
[1.715s] Level 1:colcon.colcon_core.package_identification:_identify(src/px4_autonomy_modules) by extensions ['colcon_pkg']
[1.715s] Level 1:colcon.colcon_core.package_identification:_identify(src/px4_autonomy_modules) by extension 'colcon_pkg'
[1.716s] Level 1:colcon.colcon_core.package_identification:_identify(src/px4_autonomy_modules) by extensions ['colcon_meta']
[1.716s] Level 1:colcon.colcon_core.package_identification:_identify(src/px4_autonomy_modules) by extension 'colcon_meta'
[1.716s] Level 1:colcon.colcon_core.package_identification:_identify(src/px4_autonomy_modules) by extensions ['ros']
[1.716s] Level 1:colcon.colcon_core.package_identification:_identify(src/px4_autonomy_modules) by extension 'ros'
[1.721s] DEBUG:colcon.colcon_core.package_identification:Package 'src/px4_autonomy_modules' with type 'ros.ament_cmake' and name 'px4_autonomy_modules'
[1.721s] Level 1:colcon.colcon_core.package_discovery:discover_packages(recursive) using defaults
[1.722s] Level 1:colcon.colcon_core.package_discovery:discover_packages(ignore) discover
[1.722s] Level 1:colcon.colcon_core.package_discovery:discover_packages(ignore) using defaults
[1.722s] Level 1:colcon.colcon_core.package_discovery:discover_packages(path) discover
[1.722s] Level 1:colcon.colcon_core.package_discovery:discover_packages(path) using defaults
[1.792s] Level 1:colcon.colcon_core.package_discovery:discover_packages(prefix_path) check parameters
[1.792s] Level 1:colcon.colcon_core.package_discovery:discover_packages(prefix_path) discover
[1.796s] WARNING:colcon.colcon_ros.prefix_path.ament:The path '/home/jetson/ros2_ws/install/vision_bdg' in the environment variable AMENT_PREFIX_PATH doesn't exist
[1.796s] WARNING:colcon.colcon_ros.prefix_path.ament:The path '/home/jetson/ros2_ws/install/flight2' in the environment variable AMENT_PREFIX_PATH doesn't exist
[1.800s] DEBUG:colcon.colcon_installed_package_information.package_discovery:Found 3 installed packages in /home/jetson/rob498_2026/capstone2026/ros2_ws/install
[1.803s] DEBUG:colcon.colcon_installed_package_information.package_discovery:Found 2 installed packages in /home/jetson/ros2_ws/install
[1.809s] DEBUG:colcon.colcon_installed_package_information.package_discovery:Found 265 installed packages in /opt/ros/foxy
[1.859s] Level 1:colcon.colcon_core.package_discovery:discover_packages(prefix_path) using defaults
[2.164s] Level 5:colcon.colcon_core.verb:set package 'drone_control' build argument 'cmake_args' from command line to 'None'
[2.165s] Level 5:colcon.colcon_core.verb:set package 'drone_control' build argument 'cmake_target' from command line to 'None'
[2.165s] Level 5:colcon.colcon_core.verb:set package 'drone_control' build argument 'cmake_target_skip_unavailable' from command line to 'False'
[2.165s] Level 5:colcon.colcon_core.verb:set package 'drone_control' build argument 'cmake_clean_cache' from command line to 'False'
[2.165s] Level 5:colcon.colcon_core.verb:set package 'drone_control' build argument 'cmake_clean_first' from command line to 'False'
[2.165s] Level 5:colcon.colcon_core.verb:set package 'drone_control' build argument 'cmake_force_configure' from command line to 'False'
[2.165s] Level 5:colcon.colcon_core.verb:set package 'drone_control' build argument 'ament_cmake_args' from command line to 'None'
[2.165s] Level 5:colcon.colcon_core.verb:set package 'drone_control' build argument 'catkin_cmake_args' from command line to 'None'
[2.165s] Level 5:colcon.colcon_core.verb:set package 'drone_control' build argument 'catkin_skip_building_tests' from command line to 'False'
[2.166s] DEBUG:colcon.colcon_core.verb:Building package 'drone_control' with the following arguments: {'ament_cmake_args': None, 'build_base': '/home/jetson/ros2_ws/build/drone_control', 'catkin_cmake_args': None, 'catkin_skip_building_tests': False, 'cmake_args': None, 'cmake_clean_cache': False, 'cmake_clean_first': False, 'cmake_force_configure': False, 'cmake_target': None, 'cmake_target_skip_unavailable': False, 'install_base': '/home/jetson/ros2_ws/install/drone_control', 'merge_install': False, 'path': '/home/jetson/ros2_ws/src/drone_control', 'symlink_install': False, 'test_result_base': None}
[2.167s] Level 5:colcon.colcon_core.verb:set package 'px4_autonomy_modules' build argument 'cmake_args' from command line to 'None'
[2.168s] Level 5:colcon.colcon_core.verb:set package 'px4_autonomy_modules' build argument 'cmake_target' from command line to 'None'
[2.168s] Level 5:colcon.colcon_core.verb:set package 'px4_autonomy_modules' build argument 'cmake_target_skip_unavailable' from command line to 'False'
[2.168s] Level 5:colcon.colcon_core.verb:set package 'px4_autonomy_modules' build argument 'cmake_clean_cache' from command line to 'False'
[2.168s] Level 5:colcon.colcon_core.verb:set package 'px4_autonomy_modules' build argument 'cmake_clean_first' from command line to 'False'
[2.168s] Level 5:colcon.colcon_core.verb:set package 'px4_autonomy_modules' build argument 'cmake_force_configure' from command line to 'False'
[2.168s] Level 5:colcon.colcon_core.verb:set package 'px4_autonomy_modules' build argument 'ament_cmake_args' from command line to 'None'
[2.168s] Level 5:colcon.colcon_core.verb:set package 'px4_autonomy_modules' build argument 'catkin_cmake_args' from command line to 'None'
[2.169s] Level 5:colcon.colcon_core.verb:set package 'px4_autonomy_modules' build argument 'catkin_skip_building_tests' from command line to 'False'
[2.169s] DEBUG:colcon.colcon_core.verb:Building package 'px4_autonomy_modules' with the following arguments: {'ament_cmake_args': None, 'build_base': '/home/jetson/ros2_ws/build/px4_autonomy_modules', 'catkin_cmake_args': None, 'catkin_skip_building_tests': False, 'cmake_args': None, 'cmake_clean_cache': False, 'cmake_clean_first': False, 'cmake_force_configure': False, 'cmake_target': None, 'cmake_target_skip_unavailable': False, 'install_base': '/home/jetson/ros2_ws/install/px4_autonomy_modules', 'merge_install': False, 'path': '/home/jetson/ros2_ws/src/px4_autonomy_modules', 'symlink_install': False, 'test_result_base': None}
[2.169s] INFO:colcon.colcon_core.executor:Executing jobs using 'parallel' executor
[2.173s] DEBUG:colcon.colcon_parallel_executor.executor.parallel:run_until_complete
[2.174s] INFO:colcon.colcon_ros.task.ament_python.build:Building ROS package in '/home/jetson/ros2_ws/src/drone_control' with build type 'ament_python'
[2.175s] Level 1:colcon.colcon_core.shell:create_environment_hook('drone_control', 'ament_prefix_path')
[2.183s] INFO:colcon.colcon_core.plugin_system:Skipping extension 'colcon_core.shell.bat': Not used on non-Windows systems
[2.184s] INFO:colcon.colcon_core.shell:Creating environment hook '/home/jetson/ros2_ws/install/drone_control/share/drone_control/hook/ament_prefix_path.ps1'
[2.187s] INFO:colcon.colcon_core.shell:Creating environment descriptor '/home/jetson/ros2_ws/install/drone_control/share/drone_control/hook/ament_prefix_path.dsv'
[2.189s] INFO:colcon.colcon_core.shell:Creating environment hook '/home/jetson/ros2_ws/install/drone_control/share/drone_control/hook/ament_prefix_path.sh'
[2.192s] INFO:colcon.colcon_core.shell:Skip shell extension 'powershell' for command environment: Not usable outside of PowerShell
[2.193s] DEBUG:colcon.colcon_core.shell:Skip shell extension 'dsv' for command environment
[2.213s] INFO:colcon.colcon_ros.task.ament_cmake.build:Building ROS package in '/home/jetson/ros2_ws/src/px4_autonomy_modules' with build type 'ament_cmake'
[2.214s] INFO:colcon.colcon_cmake.task.cmake.build:Building CMake package in '/home/jetson/ros2_ws/src/px4_autonomy_modules'
[2.215s] INFO:colcon.colcon_core.shell:Skip shell extension 'powershell' for command environment: Not usable outside of PowerShell
[2.216s] DEBUG:colcon.colcon_core.shell:Skip shell extension 'dsv' for command environment
[3.257s] INFO:colcon.colcon_core.task.python.build:Building Python package in '/home/jetson/ros2_ws/src/drone_control'
[3.259s] INFO:colcon.colcon_core.shell:Skip shell extension 'powershell' for command environment: Not usable outside of PowerShell
[3.260s] DEBUG:colcon.colcon_core.shell:Skip shell extension 'dsv' for command environment
[3.293s] DEBUG:colcon.colcon_core.event_handler.log_command:Invoking command in '/home/jetson/ros2_ws/build/px4_autonomy_modules': CMAKE_PREFIX_PATH=${CMAKE_PREFIX_PATH}:/home/jetson/rob498_2026/capstone2026/ros2_ws/install/vision_bdg:/home/jetson/rob498_2026/capstone2026/ros2_ws/install/flight2:/home/jetson/ros2_ws/install/vision_bdg:/home/jetson/ros2_ws/install/flight2:/home/jetson/ros2_ws/install/drone_control:/opt/ros/foxy /usr/bin/cmake --build /home/jetson/ros2_ws/build/px4_autonomy_modules -- -j4 -l4
[3.455s] DEBUG:colcon.colcon_core.event_handler.log_command:Invoked command in '/home/jetson/ros2_ws/build/px4_autonomy_modules' returned '0': CMAKE_PREFIX_PATH=${CMAKE_PREFIX_PATH}:/home/jetson/rob498_2026/capstone2026/ros2_ws/install/vision_bdg:/home/jetson/rob498_2026/capstone2026/ros2_ws/install/flight2:/home/jetson/ros2_ws/install/vision_bdg:/home/jetson/ros2_ws/install/flight2:/home/jetson/ros2_ws/install/drone_control:/opt/ros/foxy /usr/bin/cmake --build /home/jetson/ros2_ws/build/px4_autonomy_modules -- -j4 -l4
[3.502s] DEBUG:colcon.colcon_core.event_handler.log_command:Invoking command in '/home/jetson/ros2_ws/build/px4_autonomy_modules': CMAKE_PREFIX_PATH=${CMAKE_PREFIX_PATH}:/home/jetson/rob498_2026/capstone2026/ros2_ws/install/vision_bdg:/home/jetson/rob498_2026/capstone2026/ros2_ws/install/flight2:/home/jetson/ros2_ws/install/vision_bdg:/home/jetson/ros2_ws/install/flight2:/home/jetson/ros2_ws/install/drone_control:/opt/ros/foxy /usr/bin/cmake --install /home/jetson/ros2_ws/build/px4_autonomy_modules
[3.592s] Level 1:colcon.colcon_core.environment:create_environment_scripts_only(px4_autonomy_modules)
[3.595s] DEBUG:colcon.colcon_core.event_handler.log_command:Invoked command in '/home/jetson/ros2_ws/build/px4_autonomy_modules' returned '0': CMAKE_PREFIX_PATH=${CMAKE_PREFIX_PATH}:/home/jetson/rob498_2026/capstone2026/ros2_ws/install/vision_bdg:/home/jetson/rob498_2026/capstone2026/ros2_ws/install/flight2:/home/jetson/ros2_ws/install/vision_bdg:/home/jetson/ros2_ws/install/flight2:/home/jetson/ros2_ws/install/drone_control:/opt/ros/foxy /usr/bin/cmake --install /home/jetson/ros2_ws/build/px4_autonomy_modules
[3.606s] Level 1:colcon.colcon_core.environment:checking '/home/jetson/ros2_ws/install/px4_autonomy_modules' for CMake module files
[3.609s] Level 1:colcon.colcon_core.environment:checking '/home/jetson/ros2_ws/install/px4_autonomy_modules' for CMake config files
[3.611s] Level 1:colcon.colcon_core.shell:create_environment_hook('px4_autonomy_modules', 'cmake_prefix_path')
[3.612s] INFO:colcon.colcon_core.shell:Creating environment hook '/home/jetson/ros2_ws/install/px4_autonomy_modules/share/px4_autonomy_modules/hook/cmake_prefix_path.ps1'
[3.614s] INFO:colcon.colcon_core.shell:Creating environment descriptor '/home/jetson/ros2_ws/install/px4_autonomy_modules/share/px4_autonomy_modules/hook/cmake_prefix_path.dsv'
[3.616s] INFO:colcon.colcon_core.shell:Creating environment hook '/home/jetson/ros2_ws/install/px4_autonomy_modules/share/px4_autonomy_modules/hook/cmake_prefix_path.sh'
[3.619s] Level 1:colcon.colcon_core.environment:checking '/home/jetson/ros2_ws/install/px4_autonomy_modules/bin'
[3.619s] Level 1:colcon.colcon_core.environment:checking '/home/jetson/ros2_ws/install/px4_autonomy_modules/lib/pkgconfig/px4_autonomy_modules.pc'
[3.620s] Level 1:colcon.colcon_core.environment:checking '/home/jetson/ros2_ws/install/px4_autonomy_modules/lib/python3.8/site-packages'
[3.621s] Level 1:colcon.colcon_core.environment:checking '/home/jetson/ros2_ws/install/px4_autonomy_modules/bin'
[3.623s] INFO:colcon.colcon_core.shell:Creating package script '/home/jetson/ros2_ws/install/px4_autonomy_modules/share/px4_autonomy_modules/package.ps1'
[3.626s] INFO:colcon.colcon_core.shell:Creating package descriptor '/home/jetson/ros2_ws/install/px4_autonomy_modules/share/px4_autonomy_modules/package.dsv'
[3.629s] INFO:colcon.colcon_core.shell:Creating package script '/home/jetson/ros2_ws/install/px4_autonomy_modules/share/px4_autonomy_modules/package.sh'
[3.632s] INFO:colcon.colcon_core.shell:Creating package script '/home/jetson/ros2_ws/install/px4_autonomy_modules/share/px4_autonomy_modules/package.bash'
[3.635s] INFO:colcon.colcon_core.shell:Creating package script '/home/jetson/ros2_ws/install/px4_autonomy_modules/share/px4_autonomy_modules/package.zsh'
[3.638s] Level 1:colcon.colcon_core.environment:create_file_with_runtime_dependencies(/home/jetson/ros2_ws/install/px4_autonomy_modules/share/colcon-core/packages/px4_autonomy_modules)
[3.641s] Level 1:colcon.colcon_core.environment:create_environment_scripts_only(px4_autonomy_modules)
[3.642s] Level 1:colcon.colcon_core.environment:checking '/home/jetson/ros2_ws/install/px4_autonomy_modules' for CMake module files
[3.645s] Level 1:colcon.colcon_core.environment:checking '/home/jetson/ros2_ws/install/px4_autonomy_modules' for CMake config files
[3.647s] Level 1:colcon.colcon_core.shell:create_environment_hook('px4_autonomy_modules', 'cmake_prefix_path')
[3.648s] INFO:colcon.colcon_core.shell:Creating environment hook '/home/jetson/ros2_ws/install/px4_autonomy_modules/share/px4_autonomy_modules/hook/cmake_prefix_path.ps1'
[3.650s] INFO:colcon.colcon_core.shell:Creating environment descriptor '/home/jetson/ros2_ws/install/px4_autonomy_modules/share/px4_autonomy_modules/hook/cmake_prefix_path.dsv'
[3.652s] INFO:colcon.colcon_core.shell:Creating environment hook '/home/jetson/ros2_ws/install/px4_autonomy_modules/share/px4_autonomy_modules/hook/cmake_prefix_path.sh'
[3.654s] Level 1:colcon.colcon_core.environment:checking '/home/jetson/ros2_ws/install/px4_autonomy_modules/bin'
[3.655s] Level 1:colcon.colcon_core.environment:checking '/home/jetson/ros2_ws/install/px4_autonomy_modules/lib/pkgconfig/px4_autonomy_modules.pc'
[3.655s] Level 1:colcon.colcon_core.environment:checking '/home/jetson/ros2_ws/install/px4_autonomy_modules/lib/python3.8/site-packages'
[3.657s] Level 1:colcon.colcon_core.environment:checking '/home/jetson/ros2_ws/install/px4_autonomy_modules/bin'
[3.658s] INFO:colcon.colcon_core.shell:Creating package script '/home/jetson/ros2_ws/install/px4_autonomy_modules/share/px4_autonomy_modules/package.ps1'
[3.660s] INFO:colcon.colcon_core.shell:Creating package descriptor '/home/jetson/ros2_ws/install/px4_autonomy_modules/share/px4_autonomy_modules/package.dsv'
[3.662s] INFO:colcon.colcon_core.shell:Creating package script '/home/jetson/ros2_ws/install/px4_autonomy_modules/share/px4_autonomy_modules/package.sh'
[3.664s] INFO:colcon.colcon_core.shell:Creating package script '/home/jetson/ros2_ws/install/px4_autonomy_modules/share/px4_autonomy_modules/package.bash'
[3.666s] INFO:colcon.colcon_core.shell:Creating package script '/home/jetson/ros2_ws/install/px4_autonomy_modules/share/px4_autonomy_modules/package.zsh'
[3.668s] Level 1:colcon.colcon_core.environment:create_file_with_runtime_dependencies(/home/jetson/ros2_ws/install/px4_autonomy_modules/share/colcon-core/packages/px4_autonomy_modules)
[5.106s] DEBUG:colcon.colcon_core.event_handler.log_command:Invoking command in '/home/jetson/ros2_ws/src/drone_control': PYTHONPATH=/home/jetson/ros2_ws/build/drone_control/prefix_override:/usr/lib/python3/dist-packages/colcon_core/task/python/colcon_distutils_commands:/home/jetson/ros2_ws/install/drone_control/lib/python3.8/site-packages:${PYTHONPATH} /usr/bin/python3 -W ignore:setup.py install is deprecated -W ignore:easy_install command is deprecated setup.py egg_info --egg-base ../../build/drone_control build --build-base /home/jetson/ros2_ws/build/drone_control/build install --record /home/jetson/ros2_ws/build/drone_control/install.log --install-scripts $base/lib/drone_control --single-version-externally-managed install_data
[6.455s] Level 1:colcon.colcon_core.environment:checking '/home/jetson/ros2_ws/install/drone_control' for CMake module files
[6.457s] DEBUG:colcon.colcon_core.event_handler.log_command:Invoked command in '/home/jetson/ros2_ws/src/drone_control' returned '0': PYTHONPATH=/home/jetson/ros2_ws/build/drone_control/prefix_override:/usr/lib/python3/dist-packages/colcon_core/task/python/colcon_distutils_commands:/home/jetson/ros2_ws/install/drone_control/lib/python3.8/site-packages:${PYTHONPATH} /usr/bin/python3 -W ignore:setup.py install is deprecated -W ignore:easy_install command is deprecated setup.py egg_info --egg-base ../../build/drone_control build --build-base /home/jetson/ros2_ws/build/drone_control/build install --record /home/jetson/ros2_ws/build/drone_control/install.log --install-scripts $base/lib/drone_control --single-version-externally-managed install_data
[6.458s] Level 1:colcon.colcon_core.environment:checking '/home/jetson/ros2_ws/install/drone_control' for CMake config files
[6.461s] Level 1:colcon.colcon_core.environment:checking '/home/jetson/ros2_ws/install/drone_control/lib'
[6.462s] Level 1:colcon.colcon_core.environment:checking '/home/jetson/ros2_ws/install/drone_control/bin'
[6.462s] Level 1:colcon.colcon_core.environment:checking '/home/jetson/ros2_ws/install/drone_control/lib/pkgconfig/drone_control.pc'
[6.463s] Level 1:colcon.colcon_core.environment:checking '/home/jetson/ros2_ws/install/drone_control/lib/python3.8/site-packages'
[6.463s] Level 1:colcon.colcon_core.shell:create_environment_hook('drone_control', 'pythonpath')
[6.464s] INFO:colcon.colcon_core.shell:Creating environment hook '/home/jetson/ros2_ws/install/drone_control/share/drone_control/hook/pythonpath.ps1'
[6.466s] INFO:colcon.colcon_core.shell:Creating environment descriptor '/home/jetson/ros2_ws/install/drone_control/share/drone_control/hook/pythonpath.dsv'
[6.467s] INFO:colcon.colcon_core.shell:Creating environment hook '/home/jetson/ros2_ws/install/drone_control/share/drone_control/hook/pythonpath.sh'
[6.470s] Level 1:colcon.colcon_core.environment:checking '/home/jetson/ros2_ws/install/drone_control/bin'
[6.470s] Level 1:colcon.colcon_core.environment:create_environment_scripts_only(drone_control)
[6.472s] INFO:colcon.colcon_core.shell:Creating package script '/home/jetson/ros2_ws/install/drone_control/share/drone_control/package.ps1'
[6.474s] INFO:colcon.colcon_core.shell:Creating package descriptor '/home/jetson/ros2_ws/install/drone_control/share/drone_control/package.dsv'
[6.475s] INFO:colcon.colcon_core.shell:Creating package script '/home/jetson/ros2_ws/install/drone_control/share/drone_control/package.sh'
[6.477s] INFO:colcon.colcon_core.shell:Creating package script '/home/jetson/ros2_ws/install/drone_control/share/drone_control/package.bash'
[6.478s] INFO:colcon.colcon_core.shell:Creating package script '/home/jetson/ros2_ws/install/drone_control/share/drone_control/package.zsh'
[6.480s] Level 1:colcon.colcon_core.environment:create_file_with_runtime_dependencies(/home/jetson/ros2_ws/install/drone_control/share/colcon-core/packages/drone_control)
[6.481s] DEBUG:colcon.colcon_parallel_executor.executor.parallel:closing loop
[6.482s] DEBUG:colcon.colcon_parallel_executor.executor.parallel:loop closed
[6.482s] DEBUG:colcon.colcon_parallel_executor.executor.parallel:run_until_complete finished with '0'
[6.482s] DEBUG:colcon.colcon_core.event_reactor:joining thread
[6.504s] INFO:colcon.colcon_core.plugin_system:Skipping extension 'colcon_notification.desktop_notification.terminal_notifier': Not used on non-Darwin systems
[6.504s] INFO:colcon.colcon_core.plugin_system:Skipping extension 'colcon_notification.desktop_notification.win32': Not used on non-Windows systems
[6.504s] INFO:colcon.colcon_notification.desktop_notification:Sending desktop notification using 'notify2'
[6.541s] DEBUG:colcon.colcon_notification.desktop_notification.notify2:Failed to initialize notify2: org.freedesktop.DBus.Error.Spawn.ChildExited: Process org.freedesktop.Notifications exited with status 1
[6.541s] DEBUG:colcon.colcon_core.event_reactor:joined thread
[6.543s] INFO:colcon.colcon_core.shell:Creating prefix script '/home/jetson/ros2_ws/install/local_setup.ps1'
[6.547s] INFO:colcon.colcon_core.shell:Creating prefix util module '/home/jetson/ros2_ws/install/_local_setup_util_ps1.py'
[6.553s] INFO:colcon.colcon_core.shell:Creating prefix chain script '/home/jetson/ros2_ws/install/setup.ps1'
[6.558s] INFO:colcon.colcon_core.shell:Creating prefix script '/home/jetson/ros2_ws/install/local_setup.sh'
[6.560s] INFO:colcon.colcon_core.shell:Creating prefix util module '/home/jetson/ros2_ws/install/_local_setup_util_sh.py'
[6.563s] INFO:colcon.colcon_core.shell:Creating prefix chain script '/home/jetson/ros2_ws/install/setup.sh'
[6.569s] INFO:colcon.colcon_core.shell:Creating prefix script '/home/jetson/ros2_ws/install/local_setup.bash'
[6.572s] INFO:colcon.colcon_core.shell:Creating prefix chain script '/home/jetson/ros2_ws/install/setup.bash'
[6.577s] INFO:colcon.colcon_core.shell:Creating prefix script '/home/jetson/ros2_ws/install/local_setup.zsh'
[6.579s] INFO:colcon.colcon_core.shell:Creating prefix chain script '/home/jetson/ros2_ws/install/setup.zsh'
