[2.930s] Invoking command in '/home/jetson/ros2_ws/src/drone_control': PYTHONPATH=/home/jetson/ros2_ws/build/drone_control/prefix_override:/usr/lib/python3/dist-packages/colcon_core/task/python/colcon_distutils_commands:/home/jetson/ros2_ws/install/drone_control/lib/python3.8/site-packages:${PYTHONPATH} /usr/bin/python3 -W ignore:setup.py install is deprecated -W ignore:easy_install command is deprecated setup.py egg_info --egg-base ../../build/drone_control build --build-base /home/jetson/ros2_ws/build/drone_control/build install --record /home/jetson/ros2_ws/build/drone_control/install.log --install-scripts $base/lib/drone_control --single-version-externally-managed install_data
[3.917s] running egg_info
[3.919s] writing ../../build/drone_control/drone_control.egg-info/PKG-INFO
[3.919s] writing dependency_links to ../../build/drone_control/drone_control.egg-info/dependency_links.txt
[3.921s] writing entry points to ../../build/drone_control/drone_control.egg-info/entry_points.txt
[3.921s] writing requirements to ../../build/drone_control/drone_control.egg-info/requires.txt
[3.921s] writing top-level names to ../../build/drone_control/drone_control.egg-info/top_level.txt
[4.077s] reading manifest file '../../build/drone_control/drone_control.egg-info/SOURCES.txt'
[4.080s] writing manifest file '../../build/drone_control/drone_control.egg-info/SOURCES.txt'
[4.082s] running build
[4.082s] running build_py
[4.082s] copying drone_control/vicon_bridge.py -> /home/jetson/ros2_ws/build/drone_control/build/lib/drone_control
[4.083s] copying drone_control/camera_bridge.py -> /home/jetson/ros2_ws/build/drone_control/build/lib/drone_control
[4.083s] copying drone_control/comm_node.py -> /home/jetson/ros2_ws/build/drone_control/build/lib/drone_control
[4.084s] running install
[4.087s] running install_lib
[4.090s] copying /home/jetson/ros2_ws/build/drone_control/build/lib/drone_control/vicon_bridge.py -> /home/jetson/ros2_ws/install/drone_control/lib/python3.8/site-packages/drone_control
[4.091s] copying /home/jetson/ros2_ws/build/drone_control/build/lib/drone_control/camera_bridge.py -> /home/jetson/ros2_ws/install/drone_control/lib/python3.8/site-packages/drone_control
[4.091s] copying /home/jetson/ros2_ws/build/drone_control/build/lib/drone_control/comm_node.py -> /home/jetson/ros2_ws/install/drone_control/lib/python3.8/site-packages/drone_control
[4.093s] byte-compiling /home/jetson/ros2_ws/install/drone_control/lib/python3.8/site-packages/drone_control/vicon_bridge.py to vicon_bridge.cpython-38.pyc
[4.099s] byte-compiling /home/jetson/ros2_ws/install/drone_control/lib/python3.8/site-packages/drone_control/camera_bridge.py to camera_bridge.cpython-38.pyc
[4.101s] byte-compiling /home/jetson/ros2_ws/install/drone_control/lib/python3.8/site-packages/drone_control/comm_node.py to comm_node.cpython-38.pyc
[4.104s] running install_data
[4.105s] running install_egg_info
[4.111s] removing '/home/jetson/ros2_ws/install/drone_control/lib/python3.8/site-packages/drone_control-0.0.0-py3.8.egg-info' (and everything under it)
[4.112s] Copying ../../build/drone_control/drone_control.egg-info to /home/jetson/ros2_ws/install/drone_control/lib/python3.8/site-packages/drone_control-0.0.0-py3.8.egg-info
[4.116s] running install_scripts
[4.181s] Installing vicon_bridge script to /home/jetson/ros2_ws/install/drone_control/lib/drone_control
[4.182s] writing list of installed files to '/home/jetson/ros2_ws/build/drone_control/install.log'
[4.281s] Invoked command in '/home/jetson/ros2_ws/src/drone_control' returned '0': PYTHONPATH=/home/jetson/ros2_ws/build/drone_control/prefix_override:/usr/lib/python3/dist-packages/colcon_core/task/python/colcon_distutils_commands:/home/jetson/ros2_ws/install/drone_control/lib/python3.8/site-packages:${PYTHONPATH} /usr/bin/python3 -W ignore:setup.py install is deprecated -W ignore:easy_install command is deprecated setup.py egg_info --egg-base ../../build/drone_control build --build-base /home/jetson/ros2_ws/build/drone_control/build install --record /home/jetson/ros2_ws/build/drone_control/install.log --install-scripts $base/lib/drone_control --single-version-externally-managed install_data
