[1.735s] DEBUG:colcon:Command line arguments: ['/usr/bin/colcon', 'build']
[1.735s] DEBUG:colcon:Parsed command line arguments: Namespace(allow_overriding=[], ament_cmake_args=None, base_paths=['.'], build_base='build', catkin_cmake_args=None, catkin_skip_building_tests=False, cmake_args=None, cmake_clean_cache=False, cmake_clean_first=False, cmake_force_configure=False, cmake_target=None, cmake_target_skip_unavailable=False, continue_on_error=False, event_handlers=None, executor='parallel', ignore_user_meta=False, install_base='install', log_base=None, log_level=None, main=<bound method BuildVerb.main of <colcon_core.verb.build.BuildVerb object at 0x7fb192c3d0>>, merge_install=False, metas=['./colcon.meta'], mixin=None, mixin_files=None, mixin_verb=('build',), packages_above=None, packages_above_and_dependencies=None, packages_above_depth=None, packages_end=None, packages_ignore=None, packages_ignore_regex=None, packages_select=None, packages_select_build_failed=False, packages_select_by_dep=None, packages_select_regex=None, packages_select_test_failures=False, packages_skip=None, packages_skip_build_finished=False, packages_skip_by_dep=None, packages_skip_regex=None, packages_skip_test_passed=False, packages_skip_up_to=None, packages_start=None, packages_up_to=None, packages_up_to_regex=None, parallel_workers=4, paths=None, symlink_install=False, test_result_base=None, verb_extension=<colcon_core.verb.build.BuildVerb object at 0x7fb192c3d0>, verb_name='build', verb_parser=<colcon_mixin.mixin.mixin_argument.MixinArgumentDecorator object at 0x7fb1866dc0>)
[2.571s] Level 1:colcon.colcon_core.package_discovery:discover_packages(colcon_meta) check parameters
[2.572s] Level 1:colcon.colcon_core.package_discovery:discover_packages(recursive) check parameters
[2.572s] Level 1:colcon.colcon_core.package_discovery:discover_packages(ignore) check parameters
[2.572s] Level 1:colcon.colcon_core.package_discovery:discover_packages(path) check parameters
[2.572s] Level 1:colcon.colcon_core.package_discovery:discover_packages(colcon_meta) discover
[2.572s] Level 1:colcon.colcon_core.package_discovery:discover_packages(recursive) discover
[2.572s] INFO:colcon.colcon_core.package_discovery:Crawling recursively for packages in '/home/jetson/ros2_ws'
[2.573s] Level 1:colcon.colcon_core.package_identification:_identify(.) by extensions ['ignore', 'ignore_ament_install']
[2.573s] Level 1:colcon.colcon_core.package_identification:_identify(.) by extension 'ignore'
[2.574s] Level 1:colcon.colcon_core.package_identification:_identify(.) by extension 'ignore_ament_install'
[2.574s] Level 1:colcon.colcon_core.package_identification:_identify(.) by extensions ['colcon_pkg']
[2.574s] Level 1:colcon.colcon_core.package_identification:_identify(.) by extension 'colcon_pkg'
[2.574s] Level 1:colcon.colcon_core.package_identification:_identify(.) by extensions ['colcon_meta']
[2.574s] Level 1:colcon.colcon_core.package_identification:_identify(.) by extension 'colcon_meta'
[2.574s] Level 1:colcon.colcon_core.package_identification:_identify(.) by extensions ['ros']
[2.575s] Level 1:colcon.colcon_core.package_identification:_identify(.) by extension 'ros'
[2.639s] Level 1:colcon.colcon_core.package_identification:_identify(.) by extensions ['cmake', 'python']
[2.639s] Level 1:colcon.colcon_core.package_identification:_identify(.) by extension 'cmake'
[2.640s] Level 1:colcon.colcon_core.package_identification:_identify(.) by extension 'python'
[2.640s] Level 1:colcon.colcon_core.package_identification:_identify(.) by extensions ['python_setup_py']
[2.640s] Level 1:colcon.colcon_core.package_identification:_identify(.) by extension 'python_setup_py'
[2.641s] Level 1:colcon.colcon_core.package_identification:_identify(build) by extensions ['ignore', 'ignore_ament_install']
[2.641s] Level 1:colcon.colcon_core.package_identification:_identify(build) by extension 'ignore'
[2.641s] Level 1:colcon.colcon_core.package_identification:_identify(build) ignored
[2.642s] Level 1:colcon.colcon_core.package_identification:_identify(install) by extensions ['ignore', 'ignore_ament_install']
[2.642s] Level 1:colcon.colcon_core.package_identification:_identify(install) by extension 'ignore'
[2.642s] Level 1:colcon.colcon_core.package_identification:_identify(install) ignored
[2.643s] Level 1:colcon.colcon_core.package_identification:_identify(log) by extensions ['ignore', 'ignore_ament_install']
[2.643s] Level 1:colcon.colcon_core.package_identification:_identify(log) by extension 'ignore'
[2.643s] Level 1:colcon.colcon_core.package_identification:_identify(log) ignored
[2.643s] Level 1:colcon.colcon_core.package_identification:_identify(src) by extensions ['ignore', 'ignore_ament_install']
[2.644s] Level 1:colcon.colcon_core.package_identification:_identify(src) by extension 'ignore'
[2.644s] Level 1:colcon.colcon_core.package_identification:_identify(src) by extension 'ignore_ament_install'
[2.644s] Level 1:colcon.colcon_core.package_identification:_identify(src) by extensions ['colcon_pkg']
[2.644s] Level 1:colcon.colcon_core.package_identification:_identify(src) by extension 'colcon_pkg'
[2.644s] Level 1:colcon.colcon_core.package_identification:_identify(src) by extensions ['colcon_meta']
[2.645s] Level 1:colcon.colcon_core.package_identification:_identify(src) by extension 'colcon_meta'
[2.645s] Level 1:colcon.colcon_core.package_identification:_identify(src) by extensions ['ros']
[2.645s] Level 1:colcon.colcon_core.package_identification:_identify(src) by extension 'ros'
[2.645s] Level 1:colcon.colcon_core.package_identification:_identify(src) by extensions ['cmake', 'python']
[2.645s] Level 1:colcon.colcon_core.package_identification:_identify(src) by extension 'cmake'
[2.646s] Level 1:colcon.colcon_core.package_identification:_identify(src) by extension 'python'
[2.646s] Level 1:colcon.colcon_core.package_identification:_identify(src) by extensions ['python_setup_py']
[2.646s] Level 1:colcon.colcon_core.package_identification:_identify(src) by extension 'python_setup_py'
[2.646s] Level 1:colcon.colcon_core.package_identification:_identify(src/drone_control) by extensions ['ignore', 'ignore_ament_install']
[2.647s] Level 1:colcon.colcon_core.package_identification:_identify(src/drone_control) by extension 'ignore'
[2.647s] Level 1:colcon.colcon_core.package_identification:_identify(src/drone_control) by extension 'ignore_ament_install'
[2.647s] Level 1:colcon.colcon_core.package_identification:_identify(src/drone_control) by extensions ['colcon_pkg']
[2.647s] Level 1:colcon.colcon_core.package_identification:_identify(src/drone_control) by extension 'colcon_pkg'
[2.647s] Level 1:colcon.colcon_core.package_identification:_identify(src/drone_control) by extensions ['colcon_meta']
[2.648s] Level 1:colcon.colcon_core.package_identification:_identify(src/drone_control) by extension 'colcon_meta'
[2.648s] Level 1:colcon.colcon_core.package_identification:_identify(src/drone_control) by extensions ['ros']
[2.648s] Level 1:colcon.colcon_core.package_identification:_identify(src/drone_control) by extension 'ros'
[2.663s] DEBUG:colcon.colcon_core.package_identification:Package 'src/drone_control' with type 'ros.ament_python' and name 'drone_control'
[2.665s] Level 1:colcon.colcon_core.package_identification:_identify(src/px4_autonomy_modules) by extensions ['ignore', 'ignore_ament_install']
[2.665s] Level 1:colcon.colcon_core.package_identification:_identify(src/px4_autonomy_modules) by extension 'ignore'
[2.665s] Level 1:colcon.colcon_core.package_identification:_identify(src/px4_autonomy_modules) by extension 'ignore_ament_install'
[2.666s] Level 1:colcon.colcon_core.package_identification:_identify(src/px4_autonomy_modules) by extensions ['colcon_pkg']
[2.666s] Level 1:colcon.colcon_core.package_identification:_identify(src/px4_autonomy_modules) by extension 'colcon_pkg'
[2.666s] Level 1:colcon.colcon_core.package_identification:_identify(src/px4_autonomy_modules) by extensions ['colcon_meta']
[2.666s] Level 1:colcon.colcon_core.package_identification:_identify(src/px4_autonomy_modules) by extension 'colcon_meta'
[2.667s] Level 1:colcon.colcon_core.package_identification:_identify(src/px4_autonomy_modules) by extensions ['ros']
[2.667s] Level 1:colcon.colcon_core.package_identification:_identify(src/px4_autonomy_modules) by extension 'ros'
[2.672s] DEBUG:colcon.colcon_core.package_identification:Package 'src/px4_autonomy_modules' with type 'ros.ament_cmake' and name 'px4_autonomy_modules'
[2.672s] Level 1:colcon.colcon_core.package_discovery:discover_packages(recursive) using defaults
[2.673s] Level 1:colcon.colcon_core.package_discovery:discover_packages(ignore) discover
[2.673s] Level 1:colcon.colcon_core.package_discovery:discover_packages(ignore) using defaults
[2.673s] Level 1:colcon.colcon_core.package_discovery:discover_packages(path) discover
[2.673s] Level 1:colcon.colcon_core.package_discovery:discover_packages(path) using defaults
[2.777s] Level 1:colcon.colcon_core.package_discovery:discover_packages(prefix_path) check parameters
[2.777s] Level 1:colcon.colcon_core.package_discovery:discover_packages(prefix_path) discover
[2.789s] DEBUG:colcon.colcon_installed_package_information.package_discovery:Found 2 installed packages in /home/jetson/ros2_ws/install
[2.796s] DEBUG:colcon.colcon_installed_package_information.package_discovery:Found 265 installed packages in /opt/ros/foxy
[2.845s] Level 1:colcon.colcon_core.package_discovery:discover_packages(prefix_path) using defaults
[3.195s] Level 5:colcon.colcon_core.verb:set package 'drone_control' build argument 'cmake_args' from command line to 'None'
[3.196s] Level 5:colcon.colcon_core.verb:set package 'drone_control' build argument 'cmake_target' from command line to 'None'
[3.196s] Level 5:colcon.colcon_core.verb:set package 'drone_control' build argument 'cmake_target_skip_unavailable' from command line to 'False'
[3.196s] Level 5:colcon.colcon_core.verb:set package 'drone_control' build argument 'cmake_clean_cache' from command line to 'False'
[3.196s] Level 5:colcon.colcon_core.verb:set package 'drone_control' build argument 'cmake_clean_first' from command line to 'False'
[3.196s] Level 5:colcon.colcon_core.verb:set package 'drone_control' build argument 'cmake_force_configure' from command line to 'False'
[3.196s] Level 5:colcon.colcon_core.verb:set package 'drone_control' build argument 'ament_cmake_args' from command line to 'None'
[3.196s] Level 5:colcon.colcon_core.verb:set package 'drone_control' build argument 'catkin_cmake_args' from command line to 'None'
[3.197s] Level 5:colcon.colcon_core.verb:set package 'drone_control' build argument 'catkin_skip_building_tests' from command line to 'False'
[3.197s] DEBUG:colcon.colcon_core.verb:Building package 'drone_control' with the following arguments: {'ament_cmake_args': None, 'build_base': '/home/jetson/ros2_ws/build/drone_control', 'catkin_cmake_args': None, 'catkin_skip_building_tests': False, 'cmake_args': None, 'cmake_clean_cache': False, 'cmake_clean_first': False, 'cmake_force_configure': False, 'cmake_target': None, 'cmake_target_skip_unavailable': False, 'install_base': '/home/jetson/ros2_ws/install/drone_control', 'merge_install': False, 'path': '/home/jetson/ros2_ws/src/drone_control', 'symlink_install': False, 'test_result_base': None}
[3.199s] Level 5:colcon.colcon_core.verb:set package 'px4_autonomy_modules' build argument 'cmake_args' from command line to 'None'
[3.199s] Level 5:colcon.colcon_core.verb:set package 'px4_autonomy_modules' build argument 'cmake_target' from command line to 'None'
[3.199s] Level 5:colcon.colcon_core.verb:set package 'px4_autonomy_modules' build argument 'cmake_target_skip_unavailable' from command line to 'False'
[3.199s] Level 5:colcon.colcon_core.verb:set package 'px4_autonomy_modules' build argument 'cmake_clean_cache' from command line to 'False'
[3.199s] Level 5:colcon.colcon_core.verb:set package 'px4_autonomy_modules' build argument 'cmake_clean_first' from command line to 'False'
[3.199s] Level 5:colcon.colcon_core.verb:set package 'px4_autonomy_modules' build argument 'cmake_force_configure' from command line to 'False'
[3.199s] Level 5:colcon.colcon_core.verb:set package 'px4_autonomy_modules' build argument 'ament_cmake_args' from command line to 'None'
[3.200s] Level 5:colcon.colcon_core.verb:set package 'px4_autonomy_modules' build argument 'catkin_cmake_args' from command line to 'None'
[3.200s] Level 5:colcon.colcon_core.verb:set package 'px4_autonomy_modules' build argument 'catkin_skip_building_tests' from command line to 'False'
[3.200s] DEBUG:colcon.colcon_core.verb:Building package 'px4_autonomy_modules' with the following arguments: {'ament_cmake_args': None, 'build_base': '/home/jetson/ros2_ws/build/px4_autonomy_modules', 'catkin_cmake_args': None, 'catkin_skip_building_tests': False, 'cmake_args': None, 'cmake_clean_cache': False, 'cmake_clean_first': False, 'cmake_force_configure': False, 'cmake_target': None, 'cmake_target_skip_unavailable': False, 'install_base': '/home/jetson/ros2_ws/install/px4_autonomy_modules', 'merge_install': False, 'path': '/home/jetson/ros2_ws/src/px4_autonomy_modules', 'symlink_install': False, 'test_result_base': None}
[3.200s] INFO:colcon.colcon_core.executor:Executing jobs using 'parallel' executor
[3.204s] DEBUG:colcon.colcon_parallel_executor.executor.parallel:run_until_complete
[3.205s] INFO:colcon.colcon_ros.task.ament_python.build:Building ROS package in '/home/jetson/ros2_ws/src/drone_control' with build type 'ament_python'
[3.205s] Level 1:colcon.colcon_core.shell:create_environment_hook('drone_control', 'ament_prefix_path')
[3.227s] INFO:colcon.colcon_core.plugin_system:Skipping extension 'colcon_core.shell.bat': Not used on non-Windows systems
[3.228s] INFO:colcon.colcon_core.shell:Creating environment hook '/home/jetson/ros2_ws/install/drone_control/share/drone_control/hook/ament_prefix_path.ps1'
[3.231s] INFO:colcon.colcon_core.shell:Creating environment descriptor '/home/jetson/ros2_ws/install/drone_control/share/drone_control/hook/ament_prefix_path.dsv'
[3.235s] INFO:colcon.colcon_core.shell:Creating environment hook '/home/jetson/ros2_ws/install/drone_control/share/drone_control/hook/ament_prefix_path.sh'
[3.239s] INFO:colcon.colcon_core.shell:Skip shell extension 'powershell' for command environment: Not usable outside of PowerShell
[3.240s] DEBUG:colcon.colcon_core.shell:Skip shell extension 'dsv' for command environment
[3.259s] INFO:colcon.colcon_ros.task.ament_cmake.build:Building ROS package in '/home/jetson/ros2_ws/src/px4_autonomy_modules' with build type 'ament_cmake'
[3.261s] INFO:colcon.colcon_cmake.task.cmake.build:Building CMake package in '/home/jetson/ros2_ws/src/px4_autonomy_modules'
[3.262s] INFO:colcon.colcon_core.shell:Skip shell extension 'powershell' for command environment: Not usable outside of PowerShell
[3.263s] DEBUG:colcon.colcon_core.shell:Skip shell extension 'dsv' for command environment
[4.247s] INFO:colcon.colcon_core.task.python.build:Building Python package in '/home/jetson/ros2_ws/src/drone_control'
[4.248s] INFO:colcon.colcon_core.shell:Skip shell extension 'powershell' for command environment: Not usable outside of PowerShell
[4.248s] DEBUG:colcon.colcon_core.shell:Skip shell extension 'dsv' for command environment
[4.278s] DEBUG:colcon.colcon_core.event_handler.log_command:Invoking command in '/home/jetson/ros2_ws/build/px4_autonomy_modules': CMAKE_PREFIX_PATH=${CMAKE_PREFIX_PATH}:/home/jetson/ros2_ws/install/drone_control:/opt/ros/foxy /usr/bin/cmake --build /home/jetson/ros2_ws/build/px4_autonomy_modules -- -j4 -l4
[4.647s] DEBUG:colcon.colcon_core.event_handler.log_command:Invoked command in '/home/jetson/ros2_ws/build/px4_autonomy_modules' returned '0': CMAKE_PREFIX_PATH=${CMAKE_PREFIX_PATH}:/home/jetson/ros2_ws/install/drone_control:/opt/ros/foxy /usr/bin/cmake --build /home/jetson/ros2_ws/build/px4_autonomy_modules -- -j4 -l4
[4.692s] DEBUG:colcon.colcon_core.event_handler.log_command:Invoking command in '/home/jetson/ros2_ws/build/px4_autonomy_modules': CMAKE_PREFIX_PATH=${CMAKE_PREFIX_PATH}:/home/jetson/ros2_ws/install/drone_control:/opt/ros/foxy /usr/bin/cmake --install /home/jetson/ros2_ws/build/px4_autonomy_modules
[4.794s] Level 1:colcon.colcon_core.environment:create_environment_scripts_only(px4_autonomy_modules)
[4.796s] DEBUG:colcon.colcon_core.event_handler.log_command:Invoked command in '/home/jetson/ros2_ws/build/px4_autonomy_modules' returned '0': CMAKE_PREFIX_PATH=${CMAKE_PREFIX_PATH}:/home/jetson/ros2_ws/install/drone_control:/opt/ros/foxy /usr/bin/cmake --install /home/jetson/ros2_ws/build/px4_autonomy_modules
[4.820s] Level 1:colcon.colcon_core.environment:checking '/home/jetson/ros2_ws/install/px4_autonomy_modules' for CMake module files
[4.823s] Level 1:colcon.colcon_core.environment:checking '/home/jetson/ros2_ws/install/px4_autonomy_modules' for CMake config files
[4.825s] Level 1:colcon.colcon_core.shell:create_environment_hook('px4_autonomy_modules', 'cmake_prefix_path')
[4.827s] INFO:colcon.colcon_core.shell:Creating environment hook '/home/jetson/ros2_ws/install/px4_autonomy_modules/share/px4_autonomy_modules/hook/cmake_prefix_path.ps1'
[4.829s] INFO:colcon.colcon_core.shell:Creating environment descriptor '/home/jetson/ros2_ws/install/px4_autonomy_modules/share/px4_autonomy_modules/hook/cmake_prefix_path.dsv'
[4.830s] INFO:colcon.colcon_core.shell:Creating environment hook '/home/jetson/ros2_ws/install/px4_autonomy_modules/share/px4_autonomy_modules/hook/cmake_prefix_path.sh'
[4.833s] Level 1:colcon.colcon_core.environment:checking '/home/jetson/ros2_ws/install/px4_autonomy_modules/bin'
[4.833s] Level 1:colcon.colcon_core.environment:checking '/home/jetson/ros2_ws/install/px4_autonomy_modules/lib/pkgconfig/px4_autonomy_modules.pc'
[4.834s] Level 1:colcon.colcon_core.environment:checking '/home/jetson/ros2_ws/install/px4_autonomy_modules/lib/python3.8/site-packages'
[4.835s] Level 1:colcon.colcon_core.environment:checking '/home/jetson/ros2_ws/install/px4_autonomy_modules/bin'
[4.837s] INFO:colcon.colcon_core.shell:Creating package script '/home/jetson/ros2_ws/install/px4_autonomy_modules/share/px4_autonomy_modules/package.ps1'
[4.841s] INFO:colcon.colcon_core.shell:Creating package descriptor '/home/jetson/ros2_ws/install/px4_autonomy_modules/share/px4_autonomy_modules/package.dsv'
[4.845s] INFO:colcon.colcon_core.shell:Creating package script '/home/jetson/ros2_ws/install/px4_autonomy_modules/share/px4_autonomy_modules/package.sh'
[4.849s] INFO:colcon.colcon_core.shell:Creating package script '/home/jetson/ros2_ws/install/px4_autonomy_modules/share/px4_autonomy_modules/package.bash'
[4.855s] INFO:colcon.colcon_core.shell:Creating package script '/home/jetson/ros2_ws/install/px4_autonomy_modules/share/px4_autonomy_modules/package.zsh'
[4.861s] Level 1:colcon.colcon_core.environment:create_file_with_runtime_dependencies(/home/jetson/ros2_ws/install/px4_autonomy_modules/share/colcon-core/packages/px4_autonomy_modules)
[4.864s] Level 1:colcon.colcon_core.environment:create_environment_scripts_only(px4_autonomy_modules)
[4.865s] Level 1:colcon.colcon_core.environment:checking '/home/jetson/ros2_ws/install/px4_autonomy_modules' for CMake module files
[4.867s] Level 1:colcon.colcon_core.environment:checking '/home/jetson/ros2_ws/install/px4_autonomy_modules' for CMake config files
[4.869s] Level 1:colcon.colcon_core.shell:create_environment_hook('px4_autonomy_modules', 'cmake_prefix_path')
[4.870s] INFO:colcon.colcon_core.shell:Creating environment hook '/home/jetson/ros2_ws/install/px4_autonomy_modules/share/px4_autonomy_modules/hook/cmake_prefix_path.ps1'
[4.872s] INFO:colcon.colcon_core.shell:Creating environment descriptor '/home/jetson/ros2_ws/install/px4_autonomy_modules/share/px4_autonomy_modules/hook/cmake_prefix_path.dsv'
[4.873s] INFO:colcon.colcon_core.shell:Creating environment hook '/home/jetson/ros2_ws/install/px4_autonomy_modules/share/px4_autonomy_modules/hook/cmake_prefix_path.sh'
[4.875s] Level 1:colcon.colcon_core.environment:checking '/home/jetson/ros2_ws/install/px4_autonomy_modules/bin'
[4.876s] Level 1:colcon.colcon_core.environment:checking '/home/jetson/ros2_ws/install/px4_autonomy_modules/lib/pkgconfig/px4_autonomy_modules.pc'
[4.877s] Level 1:colcon.colcon_core.environment:checking '/home/jetson/ros2_ws/install/px4_autonomy_modules/lib/python3.8/site-packages'
[4.878s] Level 1:colcon.colcon_core.environment:checking '/home/jetson/ros2_ws/install/px4_autonomy_modules/bin'
[4.879s] INFO:colcon.colcon_core.shell:Creating package script '/home/jetson/ros2_ws/install/px4_autonomy_modules/share/px4_autonomy_modules/package.ps1'
[4.881s] INFO:colcon.colcon_core.shell:Creating package descriptor '/home/jetson/ros2_ws/install/px4_autonomy_modules/share/px4_autonomy_modules/package.dsv'
[4.883s] INFO:colcon.colcon_core.shell:Creating package script '/home/jetson/ros2_ws/install/px4_autonomy_modules/share/px4_autonomy_modules/package.sh'
[4.885s] INFO:colcon.colcon_core.shell:Creating package script '/home/jetson/ros2_ws/install/px4_autonomy_modules/share/px4_autonomy_modules/package.bash'
[4.887s] INFO:colcon.colcon_core.shell:Creating package script '/home/jetson/ros2_ws/install/px4_autonomy_modules/share/px4_autonomy_modules/package.zsh'
[4.888s] Level 1:colcon.colcon_core.environment:create_file_with_runtime_dependencies(/home/jetson/ros2_ws/install/px4_autonomy_modules/share/colcon-core/packages/px4_autonomy_modules)
[6.243s] DEBUG:colcon.colcon_core.event_handler.log_command:Invoking command in '/home/jetson/ros2_ws/src/drone_control': PYTHONPATH=/home/jetson/ros2_ws/build/drone_control/prefix_override:/usr/lib/python3/dist-packages/colcon_core/task/python/colcon_distutils_commands:/home/jetson/ros2_ws/install/drone_control/lib/python3.8/site-packages:${PYTHONPATH} /usr/bin/python3 -W ignore:setup.py install is deprecated -W ignore:easy_install command is deprecated setup.py egg_info --egg-base ../../build/drone_control build --build-base /home/jetson/ros2_ws/build/drone_control/build install --record /home/jetson/ros2_ws/build/drone_control/install.log --install-scripts $base/lib/drone_control --single-version-externally-managed install_data
[7.510s] Level 1:colcon.colcon_core.environment:checking '/home/jetson/ros2_ws/install/drone_control' for CMake module files
[7.513s] DEBUG:colcon.colcon_core.event_handler.log_command:Invoked command in '/home/jetson/ros2_ws/src/drone_control' returned '0': PYTHONPATH=/home/jetson/ros2_ws/build/drone_control/prefix_override:/usr/lib/python3/dist-packages/colcon_core/task/python/colcon_distutils_commands:/home/jetson/ros2_ws/install/drone_control/lib/python3.8/site-packages:${PYTHONPATH} /usr/bin/python3 -W ignore:setup.py install is deprecated -W ignore:easy_install command is deprecated setup.py egg_info --egg-base ../../build/drone_control build --build-base /home/jetson/ros2_ws/build/drone_control/build install --record /home/jetson/ros2_ws/build/drone_control/install.log --install-scripts $base/lib/drone_control --single-version-externally-managed install_data
[7.514s] Level 1:colcon.colcon_core.environment:checking '/home/jetson/ros2_ws/install/drone_control' for CMake config files
[7.517s] Level 1:colcon.colcon_core.environment:checking '/home/jetson/ros2_ws/install/drone_control/lib'
[7.518s] Level 1:colcon.colcon_core.environment:checking '/home/jetson/ros2_ws/install/drone_control/bin'
[7.518s] Level 1:colcon.colcon_core.environment:checking '/home/jetson/ros2_ws/install/drone_control/lib/pkgconfig/drone_control.pc'
[7.519s] Level 1:colcon.colcon_core.environment:checking '/home/jetson/ros2_ws/install/drone_control/lib/python3.8/site-packages'
[7.519s] Level 1:colcon.colcon_core.shell:create_environment_hook('drone_control', 'pythonpath')
[7.520s] INFO:colcon.colcon_core.shell:Creating environment hook '/home/jetson/ros2_ws/install/drone_control/share/drone_control/hook/pythonpath.ps1'
[7.522s] INFO:colcon.colcon_core.shell:Creating environment descriptor '/home/jetson/ros2_ws/install/drone_control/share/drone_control/hook/pythonpath.dsv'
[7.524s] INFO:colcon.colcon_core.shell:Creating environment hook '/home/jetson/ros2_ws/install/drone_control/share/drone_control/hook/pythonpath.sh'
[7.526s] Level 1:colcon.colcon_core.environment:checking '/home/jetson/ros2_ws/install/drone_control/bin'
[7.526s] Level 1:colcon.colcon_core.environment:create_environment_scripts_only(drone_control)
[7.528s] INFO:colcon.colcon_core.shell:Creating package script '/home/jetson/ros2_ws/install/drone_control/share/drone_control/package.ps1'
[7.530s] INFO:colcon.colcon_core.shell:Creating package descriptor '/home/jetson/ros2_ws/install/drone_control/share/drone_control/package.dsv'
[7.533s] INFO:colcon.colcon_core.shell:Creating package script '/home/jetson/ros2_ws/install/drone_control/share/drone_control/package.sh'
[7.534s] INFO:colcon.colcon_core.shell:Creating package script '/home/jetson/ros2_ws/install/drone_control/share/drone_control/package.bash'
[7.536s] INFO:colcon.colcon_core.shell:Creating package script '/home/jetson/ros2_ws/install/drone_control/share/drone_control/package.zsh'
[7.537s] Level 1:colcon.colcon_core.environment:create_file_with_runtime_dependencies(/home/jetson/ros2_ws/install/drone_control/share/colcon-core/packages/drone_control)
[7.538s] DEBUG:colcon.colcon_parallel_executor.executor.parallel:closing loop
[7.539s] DEBUG:colcon.colcon_parallel_executor.executor.parallel:loop closed
[7.539s] DEBUG:colcon.colcon_parallel_executor.executor.parallel:run_until_complete finished with '0'
[7.540s] DEBUG:colcon.colcon_core.event_reactor:joining thread
[7.567s] INFO:colcon.colcon_core.plugin_system:Skipping extension 'colcon_notification.desktop_notification.terminal_notifier': Not used on non-Darwin systems
[7.568s] INFO:colcon.colcon_core.plugin_system:Skipping extension 'colcon_notification.desktop_notification.win32': Not used on non-Windows systems
[7.568s] INFO:colcon.colcon_notification.desktop_notification:Sending desktop notification using 'notify2'
[7.616s] DEBUG:colcon.colcon_notification.desktop_notification.notify2:Failed to initialize notify2: org.freedesktop.DBus.Error.Spawn.ChildExited: Process org.freedesktop.Notifications exited with status 1
[7.616s] DEBUG:colcon.colcon_core.event_reactor:joined thread
[7.618s] INFO:colcon.colcon_core.shell:Creating prefix script '/home/jetson/ros2_ws/install/local_setup.ps1'
[7.623s] INFO:colcon.colcon_core.shell:Creating prefix util module '/home/jetson/ros2_ws/install/_local_setup_util_ps1.py'
[7.630s] INFO:colcon.colcon_core.shell:Creating prefix chain script '/home/jetson/ros2_ws/install/setup.ps1'
[7.636s] INFO:colcon.colcon_core.shell:Creating prefix script '/home/jetson/ros2_ws/install/local_setup.sh'
[7.639s] INFO:colcon.colcon_core.shell:Creating prefix util module '/home/jetson/ros2_ws/install/_local_setup_util_sh.py'
[7.642s] INFO:colcon.colcon_core.shell:Creating prefix chain script '/home/jetson/ros2_ws/install/setup.sh'
[7.650s] INFO:colcon.colcon_core.shell:Creating prefix script '/home/jetson/ros2_ws/install/local_setup.bash'
[7.653s] INFO:colcon.colcon_core.shell:Creating prefix chain script '/home/jetson/ros2_ws/install/setup.bash'
[7.658s] INFO:colcon.colcon_core.shell:Creating prefix script '/home/jetson/ros2_ws/install/local_setup.zsh'
[7.664s] INFO:colcon.colcon_core.shell:Creating prefix chain script '/home/jetson/ros2_ws/install/setup.zsh'
