[4.392s] Invoking command in '/home/jetson/ros2_ws/src/drone_control': PYTHONPATH=/home/jetson/ros2_ws/build/drone_control/prefix_override:/usr/lib/python3/dist-packages/colcon_core/task/python/colcon_distutils_commands:/home/jetson/ros2_ws/install/drone_control/lib/python3.8/site-packages:${PYTHONPATH} /usr/bin/python3 -W ignore:setup.py install is deprecated -W ignore:easy_install command is deprecated setup.py egg_info --egg-base ../../build/drone_control build --build-base /home/jetson/ros2_ws/build/drone_control/build install --record /home/jetson/ros2_ws/build/drone_control/install.log --install-scripts $base/lib/drone_control --single-version-externally-managed install_data
[5.733s] running egg_info
[5.737s] writing ../../build/drone_control/drone_control.egg-info/PKG-INFO
[5.738s] writing dependency_links to ../../build/drone_control/drone_control.egg-info/dependency_links.txt
[5.739s] writing entry points to ../../build/drone_control/drone_control.egg-info/entry_points.txt
[5.740s] writing requirements to ../../build/drone_control/drone_control.egg-info/requires.txt
[5.740s] writing top-level names to ../../build/drone_control/drone_control.egg-info/top_level.txt
[5.950s] reading manifest file '../../build/drone_control/drone_control.egg-info/SOURCES.txt'
[5.955s] writing manifest file '../../build/drone_control/drone_control.egg-info/SOURCES.txt'
[5.958s] running build
[5.958s] running build_py
[5.962s] copying drone_control/comm_node.py -> /home/jetson/ros2_ws/build/drone_control/build/lib/drone_control
[5.964s] running install
[5.968s] running install_lib
[5.972s] copying /home/jetson/ros2_ws/build/drone_control/build/lib/drone_control/comm_node.py -> /home/jetson/ros2_ws/install/drone_control/lib/python3.8/site-packages/drone_control
[5.979s] byte-compiling /home/jetson/ros2_ws/install/drone_control/lib/python3.8/site-packages/drone_control/comm_node.py to comm_node.cpython-38.pyc
[5.984s] running install_data
[5.985s] running install_egg_info
[5.994s] removing '/home/jetson/ros2_ws/install/drone_control/lib/python3.8/site-packages/drone_control-0.0.0-py3.8.egg-info' (and everything under it)
[5.997s] Copying ../../build/drone_control/drone_control.egg-info to /home/jetson/ros2_ws/install/drone_control/lib/python3.8/site-packages/drone_control-0.0.0-py3.8.egg-info
[6.002s] running install_scripts
[6.087s] Installing vicon_bridge script to /home/jetson/ros2_ws/install/drone_control/lib/drone_control
[6.090s] writing list of installed files to '/home/jetson/ros2_ws/build/drone_control/install.log'
[6.207s] Invoked command in '/home/jetson/ros2_ws/src/drone_control' returned '0': PYTHONPATH=/home/jetson/ros2_ws/build/drone_control/prefix_override:/usr/lib/python3/dist-packages/colcon_core/task/python/colcon_distutils_commands:/home/jetson/ros2_ws/install/drone_control/lib/python3.8/site-packages:${PYTHONPATH} /usr/bin/python3 -W ignore:setup.py install is deprecated -W ignore:easy_install command is deprecated setup.py egg_info --egg-base ../../build/drone_control build --build-base /home/jetson/ros2_ws/build/drone_control/build install --record /home/jetson/ros2_ws/build/drone_control/install.log --install-scripts $base/lib/drone_control --single-version-externally-managed install_data
