[3.716s] Invoking command in '/home/jetson/ros2_ws/src/drone_control': PYTHONPATH=/home/jetson/ros2_ws/build/drone_control/prefix_override:/usr/lib/python3/dist-packages/colcon_core/task/python/colcon_distutils_commands:/home/jetson/ros2_ws/install/drone_control/lib/python3.8/site-packages:${PYTHONPATH} /usr/bin/python3 -W ignore:setup.py install is deprecated -W ignore:easy_install command is deprecated setup.py egg_info --egg-base ../../build/drone_control build --build-base /home/jetson/ros2_ws/build/drone_control/build install --record /home/jetson/ros2_ws/build/drone_control/install.log --install-scripts $base/lib/drone_control --single-version-externally-managed install_data
[5.052s] running egg_info
[5.055s] creating ../../build/drone_control/drone_control.egg-info
[5.055s] writing ../../build/drone_control/drone_control.egg-info/PKG-INFO
[5.056s] writing dependency_links to ../../build/drone_control/drone_control.egg-info/dependency_links.txt
[5.057s] writing entry points to ../../build/drone_control/drone_control.egg-info/entry_points.txt
[5.057s] writing requirements to ../../build/drone_control/drone_control.egg-info/requires.txt
[5.058s] writing top-level names to ../../build/drone_control/drone_control.egg-info/top_level.txt
[5.068s] writing manifest file '../../build/drone_control/drone_control.egg-info/SOURCES.txt'
[5.235s] reading manifest file '../../build/drone_control/drone_control.egg-info/SOURCES.txt'
[5.238s] writing manifest file '../../build/drone_control/drone_control.egg-info/SOURCES.txt'
[5.239s] running build
[5.239s] running build_py
[5.240s] creating /home/jetson/ros2_ws/build/drone_control/build
[5.240s] creating /home/jetson/ros2_ws/build/drone_control/build/lib
[5.241s] creating /home/jetson/ros2_ws/build/drone_control/build/lib/drone_control
[5.241s] copying drone_control/vicon_bridge.py -> /home/jetson/ros2_ws/build/drone_control/build/lib/drone_control
[5.241s] copying drone_control/__init__.py -> /home/jetson/ros2_ws/build/drone_control/build/lib/drone_control
[5.242s] running install
[5.244s] running install_lib
[5.248s] creating /home/jetson/ros2_ws/install/drone_control/lib/python3.8/site-packages/drone_control
[5.249s] copying /home/jetson/ros2_ws/build/drone_control/build/lib/drone_control/vicon_bridge.py -> /home/jetson/ros2_ws/install/drone_control/lib/python3.8/site-packages/drone_control
[5.249s] copying /home/jetson/ros2_ws/build/drone_control/build/lib/drone_control/__init__.py -> /home/jetson/ros2_ws/install/drone_control/lib/python3.8/site-packages/drone_control
[5.251s] byte-compiling /home/jetson/ros2_ws/install/drone_control/lib/python3.8/site-packages/drone_control/vicon_bridge.py to vicon_bridge.cpython-38.pyc
[5.258s] byte-compiling /home/jetson/ros2_ws/install/drone_control/lib/python3.8/site-packages/drone_control/__init__.py to __init__.cpython-38.pyc
[5.259s] running install_data
[5.260s] creating /home/jetson/ros2_ws/install/drone_control/share/ament_index
[5.261s] creating /home/jetson/ros2_ws/install/drone_control/share/ament_index/resource_index
[5.261s] creating /home/jetson/ros2_ws/install/drone_control/share/ament_index/resource_index/packages
[5.261s] copying resource/drone_control -> /home/jetson/ros2_ws/install/drone_control/share/ament_index/resource_index/packages
[5.262s] copying package.xml -> /home/jetson/ros2_ws/install/drone_control/share/drone_control
[5.262s] running install_egg_info
[5.267s] Copying ../../build/drone_control/drone_control.egg-info to /home/jetson/ros2_ws/install/drone_control/lib/python3.8/site-packages/drone_control-0.0.0-py3.8.egg-info
[5.271s] running install_scripts
[5.342s] Installing vicon_bridge script to /home/jetson/ros2_ws/install/drone_control/lib/drone_control
[5.343s] writing list of installed files to '/home/jetson/ros2_ws/build/drone_control/install.log'
[5.461s] Invoked command in '/home/jetson/ros2_ws/src/drone_control' returned '0': PYTHONPATH=/home/jetson/ros2_ws/build/drone_control/prefix_override:/usr/lib/python3/dist-packages/colcon_core/task/python/colcon_distutils_commands:/home/jetson/ros2_ws/install/drone_control/lib/python3.8/site-packages:${PYTHONPATH} /usr/bin/python3 -W ignore:setup.py install is deprecated -W ignore:easy_install command is deprecated setup.py egg_info --egg-base ../../build/drone_control build --build-base /home/jetson/ros2_ws/build/drone_control/build install --record /home/jetson/ros2_ws/build/drone_control/install.log --install-scripts $base/lib/drone_control --single-version-externally-managed install_data
