[2.618s] DEBUG:colcon:Command line arguments: ['/usr/bin/colcon', 'build']
[2.619s] DEBUG:colcon:Parsed command line arguments: Namespace(allow_overriding=[], ament_cmake_args=None, base_paths=['.'], build_base='build', catkin_cmake_args=None, catkin_skip_building_tests=False, cmake_args=None, cmake_clean_cache=False, cmake_clean_first=False, cmake_force_configure=False, cmake_target=None, cmake_target_skip_unavailable=False, continue_on_error=False, event_handlers=None, executor='parallel', ignore_user_meta=False, install_base='install', log_base=None, log_level=None, main=<bound method BuildVerb.main of <colcon_core.verb.build.BuildVerb object at 0x7f95b94af0>>, merge_install=False, metas=['./colcon.meta'], mixin=None, mixin_files=None, mixin_verb=('build',), packages_above=None, packages_above_and_dependencies=None, packages_above_depth=None, packages_end=None, packages_ignore=None, packages_ignore_regex=None, packages_select=None, packages_select_build_failed=False, packages_select_by_dep=None, packages_select_regex=None, packages_select_test_failures=False, packages_skip=None, packages_skip_build_finished=False, packages_skip_by_dep=None, packages_skip_regex=None, packages_skip_test_passed=False, packages_skip_up_to=None, packages_start=None, packages_up_to=None, packages_up_to_regex=None, parallel_workers=4, paths=None, symlink_install=False, test_result_base=None, verb_extension=<colcon_core.verb.build.BuildVerb object at 0x7f95b94af0>, verb_name='build', verb_parser=<colcon_mixin.mixin.mixin_argument.MixinArgumentDecorator object at 0x7f95aee430>)
[3.771s] Level 1:colcon.colcon_core.package_discovery:discover_packages(colcon_meta) check parameters
[3.771s] Level 1:colcon.colcon_core.package_discovery:discover_packages(recursive) check parameters
[3.772s] Level 1:colcon.colcon_core.package_discovery:discover_packages(ignore) check parameters
[3.772s] Level 1:colcon.colcon_core.package_discovery:discover_packages(path) check parameters
[3.772s] Level 1:colcon.colcon_core.package_discovery:discover_packages(colcon_meta) discover
[3.772s] Level 1:colcon.colcon_core.package_discovery:discover_packages(recursive) discover
[3.772s] INFO:colcon.colcon_core.package_discovery:Crawling recursively for packages in '/home/jetson/ros2_ws/src/drone_control/drone_control'
[3.773s] Level 1:colcon.colcon_core.package_identification:_identify(.) by extensions ['ignore', 'ignore_ament_install']
[3.774s] Level 1:colcon.colcon_core.package_identification:_identify(.) by extension 'ignore'
[3.774s] Level 1:colcon.colcon_core.package_identification:_identify(.) by extension 'ignore_ament_install'
[3.774s] Level 1:colcon.colcon_core.package_identification:_identify(.) by extensions ['colcon_pkg']
[3.775s] Level 1:colcon.colcon_core.package_identification:_identify(.) by extension 'colcon_pkg'
[3.775s] Level 1:colcon.colcon_core.package_identification:_identify(.) by extensions ['colcon_meta']
[3.775s] Level 1:colcon.colcon_core.package_identification:_identify(.) by extension 'colcon_meta'
[3.775s] Level 1:colcon.colcon_core.package_identification:_identify(.) by extensions ['ros']
[3.775s] Level 1:colcon.colcon_core.package_identification:_identify(.) by extension 'ros'
[3.865s] Level 1:colcon.colcon_core.package_identification:_identify(.) by extensions ['cmake', 'python']
[3.866s] Level 1:colcon.colcon_core.package_identification:_identify(.) by extension 'cmake'
[3.866s] Level 1:colcon.colcon_core.package_identification:_identify(.) by extension 'python'
[3.866s] Level 1:colcon.colcon_core.package_identification:_identify(.) by extensions ['python_setup_py']
[3.866s] Level 1:colcon.colcon_core.package_identification:_identify(.) by extension 'python_setup_py'
[3.867s] Level 1:colcon.colcon_core.package_identification:_identify(build) by extensions ['ignore', 'ignore_ament_install']
[3.868s] Level 1:colcon.colcon_core.package_identification:_identify(build) by extension 'ignore'
[3.868s] Level 1:colcon.colcon_core.package_identification:_identify(build) ignored
[3.869s] Level 1:colcon.colcon_core.package_identification:_identify(install) by extensions ['ignore', 'ignore_ament_install']
[3.869s] Level 1:colcon.colcon_core.package_identification:_identify(install) by extension 'ignore'
[3.870s] Level 1:colcon.colcon_core.package_identification:_identify(install) ignored
[3.870s] Level 1:colcon.colcon_core.package_identification:_identify(log) by extensions ['ignore', 'ignore_ament_install']
[3.871s] Level 1:colcon.colcon_core.package_identification:_identify(log) by extension 'ignore'
[3.871s] Level 1:colcon.colcon_core.package_identification:_identify(log) ignored
[3.871s] Level 1:colcon.colcon_core.package_discovery:discover_packages(recursive) using defaults
[3.872s] Level 1:colcon.colcon_core.package_discovery:discover_packages(ignore) discover
[3.872s] Level 1:colcon.colcon_core.package_discovery:discover_packages(ignore) using defaults
[3.872s] Level 1:colcon.colcon_core.package_discovery:discover_packages(path) discover
[3.872s] Level 1:colcon.colcon_core.package_discovery:discover_packages(path) using defaults
[4.002s] Level 1:colcon.colcon_core.package_discovery:discover_packages(prefix_path) check parameters
[4.002s] Level 1:colcon.colcon_core.package_discovery:discover_packages(prefix_path) discover
[4.028s] DEBUG:colcon.colcon_installed_package_information.package_discovery:Found 2 installed packages in /home/jetson/ros2_ws/install
[4.041s] DEBUG:colcon.colcon_installed_package_information.package_discovery:Found 265 installed packages in /opt/ros/foxy
[4.105s] Level 1:colcon.colcon_core.package_discovery:discover_packages(prefix_path) using defaults
[4.890s] INFO:colcon.colcon_core.executor:Executing jobs using 'parallel' executor
[4.896s] DEBUG:colcon.colcon_parallel_executor.executor.parallel:run_until_complete
[4.896s] DEBUG:colcon.colcon_parallel_executor.executor.parallel:closing loop
[4.897s] DEBUG:colcon.colcon_parallel_executor.executor.parallel:loop closed
[4.897s] DEBUG:colcon.colcon_parallel_executor.executor.parallel:run_until_complete finished with '0'
[4.897s] DEBUG:colcon.colcon_core.event_reactor:joining thread
[4.989s] INFO:colcon.colcon_core.plugin_system:Skipping extension 'colcon_notification.desktop_notification.terminal_notifier': Not used on non-Darwin systems
[4.990s] INFO:colcon.colcon_core.plugin_system:Skipping extension 'colcon_notification.desktop_notification.win32': Not used on non-Windows systems
[4.990s] INFO:colcon.colcon_notification.desktop_notification:Sending desktop notification using 'notify2'
[5.183s] DEBUG:colcon.colcon_core.event_reactor:joined thread
[5.378s] INFO:colcon.colcon_core.plugin_system:Skipping extension 'colcon_core.shell.bat': Not used on non-Windows systems
[5.380s] INFO:colcon.colcon_core.shell:Creating prefix script '/home/jetson/ros2_ws/src/drone_control/drone_control/install/local_setup.ps1'
[5.388s] INFO:colcon.colcon_core.shell:Creating prefix util module '/home/jetson/ros2_ws/src/drone_control/drone_control/install/_local_setup_util_ps1.py'
[5.403s] INFO:colcon.colcon_core.shell:Creating prefix chain script '/home/jetson/ros2_ws/src/drone_control/drone_control/install/setup.ps1'
[5.453s] INFO:colcon.colcon_core.shell:Creating prefix script '/home/jetson/ros2_ws/src/drone_control/drone_control/install/local_setup.sh'
[5.458s] INFO:colcon.colcon_core.shell:Creating prefix util module '/home/jetson/ros2_ws/src/drone_control/drone_control/install/_local_setup_util_sh.py'
[5.462s] INFO:colcon.colcon_core.shell:Creating prefix chain script '/home/jetson/ros2_ws/src/drone_control/drone_control/install/setup.sh'
[5.471s] INFO:colcon.colcon_core.shell:Creating prefix script '/home/jetson/ros2_ws/src/drone_control/drone_control/install/local_setup.bash'
[5.493s] INFO:colcon.colcon_core.shell:Creating prefix chain script '/home/jetson/ros2_ws/src/drone_control/drone_control/install/setup.bash'
[5.504s] INFO:colcon.colcon_core.shell:Creating prefix script '/home/jetson/ros2_ws/src/drone_control/drone_control/install/local_setup.zsh'
[5.526s] INFO:colcon.colcon_core.shell:Creating prefix chain script '/home/jetson/ros2_ws/src/drone_control/drone_control/install/setup.zsh'
