running egg_info
writing ../../build/drone_control/drone_control.egg-info/PKG-INFO
writing dependency_links to ../../build/drone_control/drone_control.egg-info/dependency_links.txt
writing entry points to ../../build/drone_control/drone_control.egg-info/entry_points.txt
writing requirements to ../../build/drone_control/drone_control.egg-info/requires.txt
writing top-level names to ../../build/drone_control/drone_control.egg-info/top_level.txt
reading manifest file '../../build/drone_control/drone_control.egg-info/SOURCES.txt'
writing manifest file '../../build/drone_control/drone_control.egg-info/SOURCES.txt'
running build
running build_py
copying drone_control/camera_bridge.py -> /home/jetson/ros2_ws/build/drone_control/build/lib/drone_control
copying drone_control/comm_node.py -> /home/jetson/ros2_ws/build/drone_control/build/lib/drone_control
running install
running install_lib
copying /home/jetson/ros2_ws/build/drone_control/build/lib/drone_control/camera_bridge.py -> /home/jetson/ros2_ws/install/drone_control/lib/python3.8/site-packages/drone_control
copying /home/jetson/ros2_ws/build/drone_control/build/lib/drone_control/comm_node.py -> /home/jetson/ros2_ws/install/drone_control/lib/python3.8/site-packages/drone_control
byte-compiling /home/jetson/ros2_ws/install/drone_control/lib/python3.8/site-packages/drone_control/camera_bridge.py to camera_bridge.cpython-38.pyc
byte-compiling /home/jetson/ros2_ws/install/drone_control/lib/python3.8/site-packages/drone_control/comm_node.py to comm_node.cpython-38.pyc
running install_data
running install_egg_info
removing '/home/jetson/ros2_ws/install/drone_control/lib/python3.8/site-packages/drone_control-0.0.0-py3.8.egg-info' (and everything under it)
Copying ../../build/drone_control/drone_control.egg-info to /home/jetson/ros2_ws/install/drone_control/lib/python3.8/site-packages/drone_control-0.0.0-py3.8.egg-info
running install_scripts
Installing vicon_bridge script to /home/jetson/ros2_ws/install/drone_control/lib/drone_control
writing list of installed files to '/home/jetson/ros2_ws/build/drone_control/install.log'
